[    0.000000] Initializing cgroup subsys cpuset
[    0.000000] Initializing cgroup subsys cpu
[    0.000000] Initializing cgroup subsys cpuacct
[    0.000000] Linux version 4.4.0-112-generic (buildd@lgw01-amd64-010) (gcc version 5.4.0 20160609 (Ubuntu 5.4.0-6ubuntu1~16.04.5) ) #135-Ubuntu SMP Fri Jan 19 11:48:36 UTC 2018 (Ubuntu 4.4.0-112.135-generic 4.4.98)
[    0.000000] Command line: BOOT_IMAGE=/boot/vmlinuz-4.4.0-112-generic root=LABEL=cloudimg-rootfs ro console=tty1 console=ttyS0
[    0.000000] KERNEL supported cpus:
[    0.000000]   Intel GenuineIntel
[    0.000000]   AMD AuthenticAMD
[    0.000000]   Centaur CentaurHauls
[    0.000000] x86/fpu: xstate_offset[2]:  576, xstate_sizes[2]:  256
[    0.000000] x86/fpu: Supporting XSAVE feature 0x01: 'x87 floating point registers'
[    0.000000] x86/fpu: Supporting XSAVE feature 0x02: 'SSE registers'
[    0.000000] x86/fpu: Supporting XSAVE feature 0x04: 'AVX registers'
[    0.000000] x86/fpu: Enabled xstate features 0x7, context size is 832 bytes, using 'standard' format.
[    0.000000] x86/fpu: Using 'lazy' FPU context switches.
[    0.000000] e820: BIOS-provided physical RAM map:
[    0.000000] BIOS-e820: [mem 0x0000000000000000-0x000000000009fbff] usable
[    0.000000] BIOS-e820: [mem 0x000000000009fc00-0x000000000009ffff] reserved
[    0.000000] BIOS-e820: [mem 0x00000000000f0000-0x00000000000fffff] reserved
[    0.000000] BIOS-e820: [mem 0x0000000000100000-0x000000001ffeffff] usable
[    0.000000] BIOS-e820: [mem 0x000000001fff0000-0x000000001fffffff] ACPI data
[    0.000000] BIOS-e820: [mem 0x00000000fec00000-0x00000000fec00fff] reserved
[    0.000000] BIOS-e820: [mem 0x00000000fee00000-0x00000000fee00fff] reserved
[    0.000000] BIOS-e820: [mem 0x00000000fffc0000-0x00000000ffffffff] reserved
[    0.000000] NX (Execute Disable) protection: active
[    0.000000] SMBIOS 2.5 present.
[    0.000000] Hypervisor detected: KVM
[    0.000000] e820: last_pfn = 0x1fff0 max_arch_pfn = 0x400000000
[    0.000000] MTRR: Disabled
[    0.000000] x86/PAT: MTRRs disabled, skipping PAT initialization too.
[    0.000000] CPU MTRRs all blank - virtualized system.
[    0.000000] x86/PAT: Configuration [0-7]: WB  WT  UC- UC  WB  WT  UC- UC  
[    0.000000] found SMP MP-table at [mem 0x0009fff0-0x0009ffff] mapped at [ffff88000009fff0]
[    0.000000] Scanning 1 areas for low memory corruption
[    0.000000] RAMDISK: [mem 0x1ecf4000-0x1f77dfff]
[    0.000000] ACPI: Early table checksum verification disabled
[    0.000000] ACPI: RSDP 0x00000000000E0000 000024 (v02 VBOX  )
[    0.000000] ACPI: XSDT 0x000000001FFF0030 00003C (v01 VBOX   VBOXXSDT 00000001 ASL  00000061)
[    0.000000] ACPI: FACP 0x000000001FFF00F0 0000F4 (v04 VBOX   VBOXFACP 00000001 ASL  00000061)
[    0.000000] ACPI: DSDT 0x000000001FFF0470 0021C8 (v02 VBOX   VBOXBIOS 00000002 INTL 20100528)
[    0.000000] ACPI: FACS 0x000000001FFF0200 000040
[    0.000000] ACPI: FACS 0x000000001FFF0200 000040
[    0.000000] ACPI: APIC 0x000000001FFF0240 00005C (v02 VBOX   VBOXAPIC 00000001 ASL  00000061)
[    0.000000] ACPI: SSDT 0x000000001FFF02A0 0001CC (v01 VBOX   VBOXCPUT 00000002 INTL 20100528)
[    0.000000] No NUMA configuration found
[    0.000000] Faking a node at [mem 0x0000000000000000-0x000000001ffeffff]
[    0.000000] NODE_DATA(0) allocated [mem 0x1ffeb000-0x1ffeffff]
[    0.000000] kvm-clock: Using msrs 4b564d01 and 4b564d00
[    0.000000] kvm-clock: cpu 0, msr 0:1ffe3001, primary cpu clock
[    0.000000] kvm-clock: using sched offset of 3157991413 cycles
[    0.000000] clocksource: kvm-clock: mask: 0xffffffffffffffff max_cycles: 0x1cd42e4dffb, max_idle_ns: 881590591483 ns
[    0.000000] Zone ranges:
[    0.000000]   DMA      [mem 0x0000000000001000-0x0000000000ffffff]
[    0.000000]   DMA32    [mem 0x0000000001000000-0x000000001ffeffff]
[    0.000000]   Normal   empty
[    0.000000]   Device   empty
[    0.000000] Movable zone start for each node
[    0.000000] Early memory node ranges
[    0.000000]   node   0: [mem 0x0000000000001000-0x000000000009efff]
[    0.000000]   node   0: [mem 0x0000000000100000-0x000000001ffeffff]
[    0.000000] Initmem setup node 0 [mem 0x0000000000001000-0x000000001ffeffff]
[    0.000000] ACPI: PM-Timer IO Port: 0x4008
[    0.000000] IOAPIC[0]: apic_id 2, version 32, address 0xfec00000, GSI 0-23
[    0.000000] ACPI: INT_SRC_OVR (bus 0 bus_irq 0 global_irq 2 dfl dfl)
[    0.000000] ACPI: INT_SRC_OVR (bus 0 bus_irq 9 global_irq 9 high level)
[    0.000000] Using ACPI (MADT) for SMP configuration information
[    0.000000] smpboot: Allowing 2 CPUs, 0 hotplug CPUs
[    0.000000] PM: Registered nosave memory: [mem 0x00000000-0x00000fff]
[    0.000000] PM: Registered nosave memory: [mem 0x0009f000-0x0009ffff]
[    0.000000] PM: Registered nosave memory: [mem 0x000a0000-0x000effff]
[    0.000000] PM: Registered nosave memory: [mem 0x000f0000-0x000fffff]
[    0.000000] e820: [mem 0x20000000-0xfebfffff] available for PCI devices
[    0.000000] Booting paravirtualized kernel on KVM
[    0.000000] clocksource: refined-jiffies: mask: 0xffffffff max_cycles: 0xffffffff, max_idle_ns: 7645519600211568 ns
[    0.000000] setup_percpu: NR_CPUS:512 nr_cpumask_bits:512 nr_cpu_ids:2 nr_node_ids:1
[    0.000000] PERCPU: Embedded 34 pages/cpu @ffff88001fc00000 s99544 r8192 d31528 u1048576
[    0.000000] PV qspinlock hash table entries: 256 (order: 0, 4096 bytes)
[    0.000000] Built 1 zonelists in Node order, mobility grouping on.  Total pages: 128889
[    0.000000] Policy zone: DMA32
[    0.000000] Kernel command line: BOOT_IMAGE=/boot/vmlinuz-4.4.0-112-generic root=LABEL=cloudimg-rootfs ro console=tty1 console=ttyS0
[    0.000000] PID hash table entries: 2048 (order: 2, 16384 bytes)
[    0.000000] Memory: 485660K/523832K available (8499K kernel code, 1309K rwdata, 3988K rodata, 1508K init, 1316K bss, 38172K reserved, 0K cma-reserved)
[    0.000000] SLUB: HWalign=64, Order=0-3, MinObjects=0, CPUs=2, Nodes=1
[    0.000000] Kernel/User page tables isolation: enabled
[    0.000000] Hierarchical RCU implementation.
[    0.000000] 	Build-time adjustment of leaf fanout to 64.
[    0.000000] 	RCU restricting CPUs from NR_CPUS=512 to nr_cpu_ids=2.
[    0.000000] RCU: Adjusting geometry for rcu_fanout_leaf=64, nr_cpu_ids=2
[    0.000000] NR_IRQS:33024 nr_irqs:440 16
[    0.000000] Console: colour VGA+ 80x25
[    0.000000] console [tty1] enabled
[    0.000000] console [ttyS0] enabled
[    0.000000] tsc: Detected 2712.000 MHz processor
[   16.012675] Calibrating delay loop (skipped) preset value.. 5424.00 BogoMIPS (lpj=10848000)
[   16.197288] pid_max: default: 32768 minimum: 301
[   16.296409] ACPI: Core revision 20150930
[   16.400291] ACPI: 2 ACPI AML tables successfully acquired and loaded
[   16.582633] Security Framework initialized
[   16.696411] Yama: becoming mindful.
[   16.783310] AppArmor: AppArmor initialized
[   16.886988] Dentry cache hash table entries: 65536 (order: 7, 524288 bytes)
[   16.979602] Inode-cache hash table entries: 32768 (order: 6, 262144 bytes)
[   17.145266] Mount-cache hash table entries: 1024 (order: 1, 8192 bytes)
[   17.322429] Mountpoint-cache hash table entries: 1024 (order: 1, 8192 bytes)
[   17.518701] Initializing cgroup subsys io
[   17.632335] Initializing cgroup subsys memory
[   17.740866] Initializing cgroup subsys devices
[   17.872359] Initializing cgroup subsys freezer
[   17.986449] Initializing cgroup subsys net_cls
[   18.021982] Initializing cgroup subsys perf_event
[   18.043091] Initializing cgroup subsys net_prio
[   18.044159] Initializing cgroup subsys hugetlb
[   18.045209] Initializing cgroup subsys pids
[   18.046309] CPU: Physical Processor ID: 0
[   18.139491] CPU: Processor Core ID: 0
[   18.253357] FEATURE SPEC_CTRL Not Present
[   18.359296] mce: CPU supports 0 MCE banks
[   18.450558] Last level iTLB entries: 4KB 64, 2MB 8, 4MB 8
[   18.611313] Last level dTLB entries: 4KB 64, 2MB 0, 4MB 0, 1GB 4
[   18.761568] Freeing SMP alternatives memory: 32K
[   18.895196] ftrace: allocating 32180 entries in 126 pages
[   19.074868] smpboot: APIC(0) Converting physical 0 to logical package 0
[   19.184449] smpboot: Max logical packages: 1
[   19.296462] x2apic enabled
[   19.356958] Switched APIC routing to physical x2apic.
[   19.495774] ..TIMER: vector=0x30 apic1=0 pin1=2 apic2=-1 pin2=-1
[   19.762514] APIC calibration not consistent with PM-Timer: 97ms instead of 100ms
[   19.967156] APIC delta adjusted to PM-Timer: 6247105 (6119355)
[   20.138509] smpboot: CPU0: Intel(R) Core(TM) i7-6820HQ CPU @ 2.70GHz (family: 0x6, model: 0x5e, stepping: 0x3)
[   20.268076] Performance Events: unsupported p6 CPU model 94 no PMU driver, software events only.
[   20.517757] KVM setup paravirtual spinlock
[   20.631126] x86: Booting SMP configuration:
[   20.694876] .... node  #0, CPUs:      #1
[   20.770415] kvm-clock: cpu 1, msr 0:1ffe3041, secondary cpu clock
[   20.825421] mce: CPU supports 0 MCE banks
[   20.848266] x86: Booted up 1 node, 2 CPUs
[   20.927308] smpboot: Total of 2 processors activated (10848.00 BogoMIPS)
[   21.056832] devtmpfs: initialized
[   21.120207] evm: security.selinux
[   21.190592] evm: security.SMACK64
[   21.236760] evm: security.SMACK64EXEC
[   21.309346] evm: security.SMACK64TRANSMUTE
[   21.352435] evm: security.SMACK64MMAP
[   21.423731] evm: security.ima
[   21.508719] evm: security.capability
[   21.601189] clocksource: jiffies: mask: 0xffffffff max_cycles: 0xffffffff, max_idle_ns: 7645041785100000 ns
[   21.852959] futex hash table entries: 512 (order: 3, 32768 bytes)
[   22.015877] pinctrl core: initialized pinctrl subsystem
[   22.170219] RTC time: 14:01:07, date: 01/31/18
[   22.254345] NET: Registered protocol family 16
[   22.385754] cpuidle: using governor ladder
[   22.457251] cpuidle: using governor menu
[   22.539250] PCCT header not found.
[   22.630879] ACPI: bus type PCI registered
[   22.715080] acpiphp: ACPI Hot Plug PCI Controller Driver version: 0.5
[   22.880785] PCI: Using configuration type 1 for base access
[   23.054219] ACPI: Added _OSI(Module Device)
[   23.172371] ACPI: Added _OSI(Processor Device)
[   23.289050] ACPI: Added _OSI(3.0 _SCP Extensions)
[   23.416347] ACPI: Added _OSI(Processor Aggregator Device)
[   23.540954] ACPI: Executed 1 blocks of module-level executable AML code
[   23.637613] ACPI: Interpreter enabled
[   23.741443] ACPI: (supports S0 S5)
[   23.827681] ACPI: Using IOAPIC for interrupt routing
[   23.959001] PCI: Using host bridge windows from ACPI; if necessary, use "pci=nocrs" and report a bug
[   24.229489] ACPI: PCI Root Bridge [PCI0] (domain 0000 [bus 00-ff])
[   24.399578] acpi PNP0A03:00: _OSC: OS supports [ASPM ClockPM Segments MSI]
[   24.606079] acpi PNP0A03:00: _OSC failed (AE_NOT_FOUND); disabling ASPM
[   24.705949] acpi PNP0A03:00: fail to add MMCONFIG information, can't access extended PCI configuration space under this bridge.
[   25.045677] PCI host bridge to bus 0000:00
[   25.158337] pci_bus 0000:00: root bus resource [io  0x0000-0x0cf7 window]
[   25.353884] pci_bus 0000:00: root bus resource [io  0x0d00-0xffff window]
[   25.551351] pci_bus 0000:00: root bus resource [mem 0x000a0000-0x000bffff window]
[   25.749405] pci_bus 0000:00: root bus resource [mem 0x20000000-0xffdfffff window]
[   25.852009] pci_bus 0000:00: root bus resource [bus 00-ff]
[   26.023770] pci 0000:00:01.1: legacy IDE quirk: reg 0x10: [io  0x01f0-0x01f7]
[   26.231077] pci 0000:00:01.1: legacy IDE quirk: reg 0x14: [io  0x03f6]
[   26.411292] pci 0000:00:01.1: legacy IDE quirk: reg 0x18: [io  0x0170-0x0177]
[   26.625944] pci 0000:00:01.1: legacy IDE quirk: reg 0x1c: [io  0x0376]
[   26.840484] pci 0000:00:07.0: quirk: [io  0x4000-0x403f] claimed by PIIX4 ACPI
[   26.939940] pci 0000:00:07.0: quirk: [io  0x4100-0x410f] claimed by PIIX4 SMB
[   27.153922] ACPI: PCI Interrupt Link [LNKA] (IRQs 5 9 10 *11)
[   27.295058] ACPI: PCI Interrupt Link [LNKB] (IRQs 5 9 10 *11)
[   27.439679] ACPI: PCI Interrupt Link [LNKC] (IRQs 5 9 *10 11)
[   27.584100] ACPI: PCI Interrupt Link [LNKD] (IRQs 5 *9 10 11)
[   27.671502] ACPI: Enabled 2 GPEs in block 00 to 07
[   27.743774] vgaarb: setting as boot device: PCI:0000:00:02.0
[   27.808175] vgaarb: device added: PCI:0000:00:02.0,decodes=io+mem,owns=io+mem,locks=none
[   27.971104] vgaarb: loaded
[   27.984887] vgaarb: bridge control possible 0000:00:02.0
[   28.041040] SCSI subsystem initialized
[   28.149234] ACPI: bus type USB registered
[   28.264763] usbcore: registered new interface driver usbfs
[   28.415201] usbcore: registered new interface driver hub
[   28.543010] usbcore: registered new device driver usb
[   28.677989] PCI: Using ACPI for IRQ routing
[   28.793912] NetLabel: Initializing
[   28.894109] NetLabel:  domain hash size = 128
[   29.018057] NetLabel:  protocols = UNLABELED CIPSOv4
[   29.078842] NetLabel:  unlabeled traffic allowed by default
[   29.122751] amd_nb: Cannot enumerate AMD northbridges
[   29.229064] clocksource: Switched to clocksource kvm-clock
[   29.392439] AppArmor: AppArmor Filesystem Enabled
[   29.533456] pnp: PnP ACPI init
[   29.628804] pnp: PnP ACPI: found 3 devices
[   29.725860] clocksource: acpi_pm: mask: 0xffffff max_cycles: 0xffffff, max_idle_ns: 2085701024 ns
[   29.971065] NET: Registered protocol family 2
[   30.098330] TCP established hash table entries: 4096 (order: 3, 32768 bytes)
[   30.291137] TCP bind hash table entries: 4096 (order: 4, 65536 bytes)
[   30.487668] TCP: Hash tables configured (established 4096 bind 4096)
[   30.692613] UDP hash table entries: 256 (order: 1, 8192 bytes)
[   30.866823] UDP-Lite hash table entries: 256 (order: 1, 8192 bytes)
[   31.040934] NET: Registered protocol family 1
[   31.169757] pci 0000:00:00.0: Limiting direct PCI/PCI transfers
[   31.345697] pci 0000:00:01.0: Activating ISA DMA hang workarounds
[   31.517954] Unpacking initramfs...
[   33.231154] Freeing initrd memory: 10792K
[   33.332268] platform rtc_cmos: registered platform RTC device (no PNP device found)
[   33.513857] Scanning for low memory corruption every 60 seconds
[   33.621876] audit: initializing netlink subsys (disabled)
[   33.778770] audit: type=2000 audit(1517407254.729:1): initialized
[   33.955720] Initialise system trusted keyring
[   34.083390] HugeTLB registered 2 MB page size, pre-allocated 0 pages
[   34.271325] zbud: loaded
[   34.350668] tsc: Refined TSC clocksource calibration: 2712.183 MHz
[   34.541520] clocksource: tsc: mask: 0xffffffffffffffff max_cycles: 0x2718334f3a8, max_idle_ns: 440795334847 ns
ÿ[   34.541770] VFS: Disk quotas dquot_6.6.0
[   34.541797] VFS: Dquot-cache hash table entries: 512 (order 0, 4096 bytes)
[   34.541983] squashfs: version 4.0 (2009/01/31) Phillip Lougher
[   34.542164] fuse init (API version 7.23)
[   34.542291] Key type big_key registered
[   34.542313] Allocating IMA MOK and blacklist keyrings.
[   34.542460] Key type asymmetric registered
[   34.542465] Asymmetric key parser 'x509' registered
[   34.542490] Block layer SCSI generic (bsg) driver version 0.4 loaded (major 249)
[   34.542511] io scheduler noop registered
[   34.542513] io scheduler deadline registered (default)
[   34.542534] io scheduler cfq registered
[   34.542611] pci_hotplug: PCI Hot Plug PCI Core version: 0.5
[   34.542615] pciehp: PCI Express Hot Plug Controller Driver version: 0.4
[   34.542949] ACPI: AC Adapter [AC] (off-line)
[   34.542992] input: Power Button as /devices/LNXSYSTM:00/LNXPWRBN:00/input/input0
[   34.542994] ACPI: Power Button [PWRF]
[   34.543066] input: Sleep Button as /devices/LNXSYSTM:00/LNXSLPBN:00/input/input1
[   34.543067] ACPI: Sleep Button [SLPF]
[   34.543192] GHES: HEST is not enabled!
[   34.544061] ACPI: Battery Slot [BAT0] (battery present)
[   34.544113] Serial: 8250/16550 driver, 32 ports, IRQ sharing enabled
[   34.824516] 00:02: ttyS0 at I/O 0x3f8 (irq = 4, base_baud = 115200) is a 16550A
[   34.945065] Linux agpgart interface v0.103
[   35.230754] loop: module loaded
[   35.231214] scsi host0: ata_piix
[   35.231256] scsi host1: ata_piix
[   35.231281] ata1: PATA max UDMA/33 cmd 0x1f0 ctl 0x3f6 bmdma 0xd000 irq 14
[   35.231282] ata2: PATA max UDMA/33 cmd 0x170 ctl 0x376 bmdma 0xd008 irq 15
[   35.231336] libphy: Fixed MDIO Bus: probed
[   35.231338] tun: Universal TUN/TAP device driver, 1.6
[   35.231338] tun: (C) 1999-2004 Max Krasnyansky <maxk@qualcomm.com>
[   35.231659] PPP generic driver version 2.4.2
[   35.231699] ehci_hcd: USB 2.0 'Enhanced' Host Controller (EHCI) Driver
[   35.231702] ehci-pci: EHCI PCI platform driver
[   35.231712] ehci-platform: EHCI generic platform driver
[   35.231717] ohci_hcd: USB 1.1 'Open' Host Controller (OHCI) Driver
[   35.231721] ohci-pci: OHCI PCI platform driver
[   35.231727] ohci-platform: OHCI generic platform driver
[   35.231732] uhci_hcd: USB Universal Host Controller Interface driver
[   35.231774] i8042: PNP: PS/2 Controller [PNP0303:PS2K,PNP0f03:PS2M] at 0x60,0x64 irq 1,12
[   35.382935] serio: i8042 KBD port at 0x60,0x64 irq 1
[   35.382941] serio: i8042 AUX port at 0x60,0x64 irq 12
[   35.383062] mousedev: PS/2 mouse device common for all mice
[   35.383356] rtc_cmos rtc_cmos: rtc core: registered rtc_cmos as rtc0
[   35.383404] rtc_cmos rtc_cmos: alarms up to one day, 114 bytes nvram
[   35.383409] i2c /dev entries driver
[   35.383457] device-mapper: uevent: version 1.0.3
[   35.383499] device-mapper: ioctl: 4.34.0-ioctl (2015-10-28) initialised: dm-devel@redhat.com
[   35.383515] ledtrig-cpu: registered to indicate activity on CPUs
[   35.383746] NET: Registered protocol family 10
[   35.383863] NET: Registered protocol family 17
[   35.383872] Key type dns_resolver registered
[   35.549498] microcode: CPU0 sig=0x506e3, pf=0x2, revision=0x0
[   35.549556] microcode: CPU1 sig=0x506e3, pf=0x2, revision=0x0
[   35.549609] microcode: Microcode Update Driver: v2.01 <tigran@aivazian.fsnet.co.uk>, Peter Oruba
[   35.549711] registered taskstats version 1
[   35.549721] Loading compiled-in X.509 certificates
[   35.550217] Loaded X.509 cert 'Build time autogenerated kernel key: 4c603087bab8f0a02cb3b4e1fb4c40f507e71ef1'
[   35.550234] zswap: loaded using pool lzo/zbud
[   35.551679] Key type trusted registered
[   35.554372] Key type encrypted registered
[   35.554377] AppArmor: AppArmor sha1 policy hashing enabled
[   35.554380] ima: No TPM chip found, activating TPM-bypass!
[   35.554394] evm: HMAC attrs: 0x1
[   35.554699]   Magic number: 2:744:31
[   35.689376] rtc_cmos rtc_cmos: setting system clock to 2018-01-31 14:01:20 UTC (1517407280)
[   35.689536] BIOS EDD facility v0.16 2004-Jun-25, 0 devices found
[   35.689536] EDD information not available.
[   36.232821] input: AT Translated Set 2 keyboard as /devices/platform/i8042/serio0/input/input2
[   44.372047] Freeing unused kernel memory: 1508K
[   44.547067] Write protecting the kernel read-only data: 14336k
[   44.577346] Freeing unused kernel memory: 1728K
[   44.591726] Freeing unused kernel memory: 108K
Loading, please [   44.645380] random: systemd-udevd: uninitialized urandom read (16 bytes read, 9 bits of entropy available)
wait...
startin[   44.645910] random: udevadm: uninitialized urandom read (16 bytes read, 9 bits of entropy available)
g version 229
[   44.645931] random: udevadm: uninitialized urandom read (16 bytes read, 9 bits of entropy available)
[   44.657428] random: udevadm: uninitialized urandom read (16 bytes read, 9 bits of entropy available)
[   44.657475] random: udevadm: uninitialized urandom read (16 bytes read, 9 bits of entropy available)
[   44.657624] random: udevadm: uninitialized urandom read (16 bytes read, 9 bits of entropy available)
[   44.657683] random: udevadm: uninitialized urandom read (16 bytes read, 9 bits of entropy available)
[   44.657740] random: udevadm: uninitialized urandom read (16 bytes read, 9 bits of entropy available)
[   44.657799] random: udevadm: uninitialized urandom read (16 bytes read, 9 bits of entropy available)
[   44.657895] random: udevadm: uninitialized urandom read (16 bytes read, 9 bits of entropy available)
[   46.599809] e1000: Intel(R) PRO/1000 Network Driver - version 7.3.21-k8-NAPI
[   46.760387] e1000: Copyright (c) 1999-2006 Intel Corporation.
[   46.793860] Fusion MPT base driver 3.04.20
[   46.832931] Copyright (c) 1999-2008 LSI Corporation
[   47.018162] Fusion MPT SPI Host driver 3.04.20
[   47.178228] AVX version of gcm_enc/dec engaged.
[   47.285536] AES CTR mode by8 optimization enabled
[   47.471177] input: ImExPS/2 Generic Explorer Mouse as /devices/platform/i8042/serio1/input/input4
[   48.095899] e1000 0000:00:03.0 eth0: (PCI:33MHz:32-bit) 02:1f:2a:60:99:e3
[   48.307217] e1000 0000:00:03.0 eth0: Intel(R) PRO/1000 Network Connection
[   48.549641] e1000 0000:00:03.0 enp0s3: renamed from eth0
[   48.699700] mptbase: ioc0: Initiating bringup
[   48.904514] ioc0: LSI53C1030 A0: Capabilities={Initiator}
[   49.183368] scsi host2: ioc0: LSI53C1030 A0, FwRev=00000000h, Ports=1, MaxQ=256, IRQ=20
[   49.534929] scsi 2:0:0:0: Direct-Access     VBOX     HARDDISK         1.0  PQ: 0 ANSI: 5
[   49.805585] scsi target2:0:0: Beginning Domain Validation
[   50.017458] scsi target2:0:0: Domain Validation skipping write tests
[   50.104709] scsi target2:0:0: Ending Domain Validation
[   50.124474] scsi target2:0:0: asynchronous
[   50.137861] scsi 2:0:1:0: Direct-Access     VBOX     HARDDISK         1.0  PQ: 0 ANSI: 5
[   50.385129] scsi target2:0:1: Beginning Domain Validation
[   50.385148] floppy0: no floppy controllers found
[   50.385192] work still pending
[   50.763593] scsi target2:0:1: Domain Validation skipping write tests
[   50.944770] scsi target2:0:1: Ending Domain Validation
[   51.107909] scsi target2:0:1: asynchronous
[   51.212023] sd 2:0:0:0: Attached scsi generic sg0 type 0
[   51.212510] sd 2:0:0:0: [sda] 20971520 512-byte logical blocks: (10.7 GB/10.0 GiB)
[   51.212671] sd 2:0:0:0: [sda] Write Protect is off
[   51.212767] sd 2:0:0:0: [sda] Incomplete mode parameter data
[   51.212767] sd 2:0:0:0: [sda] Assuming drive cache: write through
[   51.391616] sd 2:0:1:0: Attached scsi generic sg1 type 0
[   51.391782] sd 2:0:1:0: [sdb] 20480 512-byte logical blocks: (10.5 MB/10.0 MiB)
[   51.392008] sd 2:0:1:0: [sdb] Write Protect is off
[   51.392136] sd 2:0:1:0: [sdb] Incomplete mode parameter data
[   51.392137] sd 2:0:1:0: [sdb] Assuming drive cache: write through
[   51.392871]  sda: sda1
[   51.438253] sd 2:0:0:0: [sda] Attached SCSI disk
[   51.439255] sd 2:0:1:0: [sdb] Attached SCSI disk
Begin: Loading e[   53.379015] md: linear personality registered for level -1
ssential drivers[   53.433587] md: multipath personality registered for level -4
 ... [   53.474597] md: raid0 personality registered for level 0
[   53.580304] md: raid1 personality registered for level 1
[   53.773624] raid6: sse2x1   gen()  6878 MB/s
[   53.905233] raid6: sse2x1   xor()  5405 MB/s
[   54.089747] raid6: sse2x2   gen() 11233 MB/s
[   54.277313] raid6: sse2x2   xor()  7339 MB/s
[   54.489605] raid6: sse2x4   gen() 12580 MB/s
[   54.634108] raid6: sse2x4   xor()  7913 MB/s
[   54.763881] raid6: using algorithm sse2x4 gen() 12580 MB/s
[   54.923885] raid6: .... xor() 7913 MB/s, rmw enabled
[   54.980153] raid6: using ssse3x2 recovery algorithm
[   55.004327] xor: automatically using best checksumming function:
[   55.133112]    avx       : 18826.000 MB/sec
[   55.214186] async_tx: api initialized (async)
[   55.305382] md: raid6 personality registered for level 6
[   55.382813] md: raid5 personality registered for level 5
[   55.453973] md: raid4 personality registered for level 4
[   55.532032] md: raid10 personality registered for level 10
done.
Begin: Running /scripts/init-premount ... done[   55.716236] Btrfs loaded
.
Begin: Mounting root file system ... Begin: R[   55.798720] EXT4-fs (sda1): mounted filesystem with ordered data mode. Opts: (null)
unning /scripts/local-top ... done.
Begin: Running /scripts/local-premount ... Scanning for Btrfs filesystems
done.
Warning: fsck not present, so skipping root file system
done.
Begin: Running /scripts/local-bottom ... done.
Begin: Running /scripts/init-bottom ... done.
[   56.220992] systemd[1]: systemd 229 running in system mode. (+PAM +AUDIT +SELINUX +IMA +APPARMOR +SMACK +SYSVINIT +UTMP +LIBCRYPTSETUP +GCRYPT +GNUTLS +ACL +XZ -LZ4 +SECCOMP +BLKID +ELFUTILS +KMOD -IDN)
[   56.454096] systemd[1]: Detected virtualization oracle.
[   56.473202] systemd[1]: Detected architecture x86-64.

Welcome to [1mUbuntu 16.04.3 LTS[0m!

[   56.549739] systemd[1]: Set hostname to <ubuntu>.
[   56.565300] systemd[1]: Initializing machine ID from random generator.
[   56.626549] systemd[1]: Installed transient /etc/machine-id file.
[   56.746359] random: nonblocking pool is initialized
[   56.852821] systemd[1]: Listening on LVM2 metadata daemon socket.
[[0;32m  OK  [0m] Listening on LVM2 metadata daemon socket.
[   56.917482] systemd[1]: Listening on Journal Socket.
[[0;32m  OK  [0m] Listening on Journal Socket.
[   57.017683] systemd[1]: Listening on Syslog Socket.
[[0;32m  OK  [0m] Listening on Syslog Socket.
[   57.121155] systemd[1]: Started Forward Password Requests to Wall Directory Watch.
[[0;32m  OK  [0m] Started Forward Password Requests to Wall Directory Watch.
[   57.240571] systemd[1]: Started Trigger resolvconf update for networkd DNS.
[[0;32m  OK  [0m] Started Trigger resolvconf update for networkd DNS.
[   57.375831] systemd[1]: Reached target Swap.
[[0;32m  OK  [0m] Reached target Swap.
[   57.445750] systemd[1]: Listening on Journal Socket (/dev/log).
[[0;32m  OK  [0m] Listening on Journal Socket (/dev/log).
[   57.569497] systemd[1]: Listening on Journal Audit Socket.
[[0;32m  OK  [0m] Listening on Journal Audit Socket.
[   57.793961] systemd[1]: Set up automount Arbitrary Executable File Formats File System Automount Point.
[[0;32m  OK  [0m] Set up automount Arbitrary Executab...ats File System Automount Point.
[   58.001842] systemd[1]: Created slice System Slice.
[[0;32m  OK  [0m] Created slice System Slice.
[   58.105330] systemd[1]: Mounting Huge Pages File System...
         Mounting Huge Pages File System...
[   58.173386] systemd[1]: Starting Load Kernel Modules...
[   58.191948] Loading iSCSI transport class v2.0-870.
         Startin[   58.293767] iscsi: registered transport (tcp)
g Load Kernel Modules...
[   58.443220] iscsi: registered transport (iser)
[   58.609520] systemd[1]: Mounting Debug File System...
         Mounting Debug File System...
[   58.717471] systemd[1]: Mounting POSIX Message Queue File System...
         Mounting POSIX Message Queue File System...
[   58.839441] systemd[1]: Reached target Encrypted Volumes.
[[0;32m  OK  [0m] Reached target Encrypted Volumes.
[   58.957870] systemd[1]: Listening on Device-mapper event daemon FIFOs.
[[0;32m  OK  [0m] Listening on Device-mapper event daemon FIFOs.
[   59.077626] systemd[1]: Starting Monitoring of LVM2 mirrors, snapshots etc. using dmeventd or progress polling...
         Starting Monitoring of LVM2 mirrors... dmeventd or progress polling...
[   59.288284] systemd[1]: Listening on udev Kernel Socket.
[[0;32m  OK  [0m] Listening on udev Kernel Socket.
[   59.518307] systemd[1]: Listening on /dev/initctl Compatibility Named Pipe.
[[0;32m  OK  [0m] Listening on /dev/initctl Compatibility Named Pipe.
[   59.801492] systemd[1]: Starting Nameserver information manager...
         Starting Nameserver information manager...
[   60.061677] systemd[1]: Listening on LVM2 poll daemon socket.
[[0;32m  OK  [0m] Listening on LVM2 poll daemon socket.
[   60.201310] systemd[1]: Starting Set console keymap...
         Starting Set console keymap...
[   60.341569] systemd[1]: Starting Journal Service...
         Starting Journal Service...
[   60.526213] systemd[1]: Created slice system-serial\x2dgetty.slice.
[[0;32m  OK  [0m] Created slice system-serial\x2dgetty.slice.
[   60.753498] systemd[1]: Starting Create list of required static device nodes for the current kernel...
         Starting Create list of required st... nodes for the current kernel...
[   61.049748] systemd[1]: Starting Uncomplicated firewall...
         Starting Uncomplicated firewall...
[   61.276061] systemd[1]: Starting Remount Root and Kernel File Systems...
[   61.281098] EXT4-fs (sda1): re-mounted. Opts: (null)
         Starting Remount Root and Kernel File Systems...
[   61.378001] systemd[1]: Listening on udev Control Socket.
[[0;32m  OK  [0m] Listening on udev Control Socket.
[   61.561617] systemd[1]: Reached target User and Group Name Lookups.
[[0;32m  OK  [0m] Reached target User and Group Name Lookups.
[   61.746391] systemd[1]: Created slice User and Session Slice.
[[0;32m  OK  [0m] Created slice User and Session Slice.
[   61.913598] systemd[1]: Reached target Slices.
[[0;32m  OK  [0m] Reached target Slices.
[   62.110630] systemd[1]: Mounted Huge Pages File System.
[[0;32m  OK  [0m] Mounted Huge Pages File System.
[   62.341878] systemd[1]: Mounted Debug File System.
[[0;32m  OK  [0m] Mounted Debug File System.
[   62.469417] systemd[1]: Mounted POSIX Message Queue File System.
[[0;32m  OK  [0m] Mounted POSIX Message Queue File System.
[   62.553683] systemd[1]: Started Journal Service.
[[0;32m  OK  [0m] Started Journal Service.
[[0;32m  OK  [0m] Started Load Kernel Modules.
[[0;32m  OK  [0m] Started Set console keymap.
[[0;32m  OK  [0m] Started Create list of required sta...ce nodes for the current kernel.
[[0;32m  OK  [0m] Started Uncomplicated firewall.
[[0;32m  OK  [0m] Started Remount Root and Kernel File Systems.
[[0;32m  OK  [0m] Started Nameserver information manager.
[[0;32m  OK  [0m] Started LVM2 metadata daemon.
         Starting Load/Save Random Seed...
         Starting Initial cloud-init job (pre-networking)...
         Starting udev Coldplug all Devices...
         Starting Create Static Device Nodes in /dev...
         Mounting FUSE Control File System...
         Starting Apply Kernel Variables...
         Starting Flush Journal to Persistent Storage...
[[0;32m  OK  [0m] Mounted FUSE Control File System.
[[0;32m  OK  [0m] Started Monitoring of LVM2 mirrors,...ng dmeventd or progress polling.
[[0;32m  OK  [0m] Started Load/Save Random Seed.
[[0;32m  OK  [0m] Started Create Static Device Nodes in /dev.
[[0;32m  OK  [0m] Started Apply Kernel Variables.
[[0;32m  OK  [0m] Started udev Coldplug all Devices.
[   35.342299] cloud-init[446]: Cloud-init v. 17.1 running 'init-local' at Wed, 31 Jan 2018 14:01:48 +0000. Up 35.13 seconds.
[[0;32m  OK  [0m] Started Initial cloud-init job (pre-networking).
[[0;32m  OK  [0m] Started Flush Journal to Persistent Storage.
[[0;32m  OK  [0m] Reached target Network (Pre).
         Starting udev Kernel Device Manager...
[[0;32m  OK  [0m] Started udev Kernel Device Manager.
[[0;32m  OK  [0m] Reached target Local File Systems (Pre).
[[0;32m  OK  [0m] Reached target Local File Systems.
         Starting Tell Plymouth To Write Out Runtime Data...
         Starting Commit a transient machine-id on disk...
         Starting Create Volatile Files and Directories...
         Starting Set console font and keymap...
         Starting LSB: AppArmor initialization...
[[0;32m  OK  [0m] Started Dispatch Password Requests to Console Directory Watch.
[[0;32m  OK  [0m] Started Tell Plymouth To Write Out Runtime Data.
[[0;32m  OK  [0m] Started Commit a transient machine-id on disk.
[[0;32m  OK  [0m] Started Create Volatile Files and Directories.
[[0;32m  OK  [0m] Found device /dev/ttyS0.
[[0;32m  OK  [0m] Listening on Load/Save RF Kill Switch Status /dev/rfkill Watch.
         Starting Update UTMP about System Boot/Shutdown...
[[0;32m  OK  [0m] Reached target System Time Synchronized.
[[0;32m  OK  [0m] Started Set console font and keymap.
[[0;32m  OK  [0m] Created slice system-getty.slice.
[[0;32m  OK  [0m] Started LSB: AppArmor initialization.
[[0;32m  OK  [0m] Started Update UTMP about System Boot/Shutdown.
         Starting Raise network interfaces...
[[0;32m  OK  [0m] Started ifup for enp0s3.
[[0;32m  OK  [0m] Started Raise network interfaces.
[[0;32m  OK  [0m] Reached target Network.
         Starting Initial cloud-init job (metadata service crawler)...
[   40.147093] cloud-init[957]: Cloud-init v. 17.1 running 'init' at Wed, 31 Jan 2018 14:01:53 +0000. Up 39.51 seconds.
[   40.224831] cloud-init[957]: ci-info: +++++++++++++++++++++++++++++++++++++Net device info++++++++++++++++++++++++++++++++++++++
[   40.301033] [cloud-init[0;32m  OK  [0m[957]: ] ci-info: +--------+------+----------------------------+---------------+-------+-------------------+Started Initial cloud-init job (metadata service crawler).

[   40.302148] cloud-init[957]: ci-info: | Device |  Up  |          Address           |      Mask     | Scope |     Hw-Address    |
[   40.592328] [cloud-init[0;32m  OK  [0m[957]: ] ci-info: +--------+------+----------------------------+---------------+-------+-------------------+Reached target System Initialization.

[   40.593117] [cloud-init[0;32m  OK  [0m[957]: ] ci-info: | enp0s3 | True |         10.0.2.15          | 255.255.255.0 |   .   | 02:1f:2a:60:99:e3 |Started Timer to automatically refresh installed snaps.

[   40.936570]          cloud-initStarting Socket activation for snappy daemon.[957]: 
ci-info: | enp0s3 | True | fe80::1f:2aff:fe60:99e3/64 |       .       |  link | 02:1f:2a:60:99:e3 |
[   41.100739] [cloud-init[0;32m  OK  [0m[957]: ] ci-info: |   lo   | True |         127.0.0.1          |   255.0.0.0   |   .   |         .         |Started Daily Cleanup of Temporary Directories.

[   41.101627]          Starting LXD - unix socket.
cloud-init[957]: ci-info: |   lo   | True |          ::1/128           |       .       |  host |         .         |
[   41.456639] [cloud-init[0;32m  OK  [0m[957]: ] ci-info: +--------+------+----------------------------+---------------+-------+-------------------+Started ACPI Events Check.

[   41.457944] [cloud-init[0;32m  OK  [0m[957]: ] ci-info: +++++++++++++++++++++++++++Route IPv4 info++++++++++++++++++++++++++++Reached target Paths.

[   41.740584] [cloud-init[0;32m  OK  [0m[957]: ] ci-info: +-------+-------------+----------+---------------+-----------+-------+Listening on UUID daemon activation socket.

[   41.900586] [cloud-init[0;32m  OK  [0m[957]: ] ci-info: | Route | Destination | Gateway  |    Genmask    | Interface | Flags |Listening on ACPID Listen Socket.

[   42.057054] [cloud-init[0;32m  OK  [0m[957]: ] ci-info: +-------+-------------+----------+---------------+-----------+-------+Listening on D-Bus System Message Bus Socket.

[   42.228946] [cloud-init[0;32m  OK  [0m[957]: ] ci-info: |   0   |   0.0.0.0   | 10.0.2.2 |    0.0.0.0    |   enp0s3  |   UG  |Reached target Cloud-config availability.

[[0;32m  OK  [0m] Reached target Network is Online.
[   42.229702] cloud-init[957]: ci-info: |   1   |   10.0.2.0  | 0.0.0.0  | 255.255.255.0 |   enp0s3  |   U   |
[   42.557101]          cloud-initStarting iSCSI initiator daemon (iscsid)...[957]: 
ci-info: +-------+-------------+----------+---------------+-----------+-------+
[   42.709156] [cloud-init[0;32m  OK  [0m[957]: ] Generating public/private rsa key pair.Started Daily apt download activities.

[[0;32m  OK  [0m] Started Daily apt upgrade and clean activities.
[[0;32m  OK  [0m] Reached target Timers.
[   42.709915] cloud-init[957]: Your identification has been saved in /etc/ssh/ssh_host_rsa_key.
[   42.956811] [cloud-init[0;32m  OK  [0m[957]: ] Your public key has been saved in /etc/ssh/ssh_host_rsa_key.pub.Listening on Socket activation for snappy daemon.

[   43.136872] [cloud-init[0;32m  OK  [0m[957]: ] The key fingerprint is:Listening on LXD - unix socket.

[   43.244876] [cloud-init[0;32m  OK  [0m[957]: ] SHA256:5PFqgd6o3dj7659XzxlWclCysrEUXsBLhgFRH/S+pqs root@ubuntu-xenialReached target Sockets.

[   43.393089] [cloud-init[0;32m  OK  [0m[957]: ] The key's randomart image is:Reached target Basic System.

[   43.489047]          Starting Pollinate to seed the pseudo random number generator...
cloud-init[957]: +---[RSA 2048]----+
[   43.522959]          cloud-init[957]: Starting Login Service...|        o+o==.o..|

[   43.548788] [cloud-init[0;32m  OK  [0m[957]: ] |          .o+=.o |Started D-Bus System Message Bus.

[   43.549567] cloud-init[957]: |        o  o*.o. |
         Starting Apply the settings specified in cloud-config...
[   43.703341] cloud-init[957]: |       + o ..*. o|
[   43.812550] cloud-init[957]: |      . S . o .o.|
[[0;32m  OK  [0m] Started ACPI event daemon.
[   43.875300] cloud-init[957]: |     . o o     +.|
[   43.928395] cloud-init[957]: |      o +     +o+|
[   43.964337]          cloud-initStarting Accounts Service...[957]: 
|     o =     +..o|
[   44.048995]          cloud-initStarting LSB: MD monitoring daemon...[957]: 
|    . o ++E+=o   |
         Starting /etc/rc.local Compatibility...
[   44.118908] cloud-init[957]: +----[SHA256]-----+
         Starting Snappy daemon...
[   44.247717] cloud-init[957]: Generating public/private dsa key pair.
[   44.404526]          cloud-initStarting System Logging Service...[957]: 
Your identification has been saved in /etc/ssh/ssh_host_dsa_key.
[   44.524296] [cloud-init[0;32m  OK  [0m[957]: ] Your public key has been saved in /etc/ssh/ssh_host_dsa_key.pub.Started Deferred execution scheduler.

[   44.632686] [cloud-init[0;32m  OK  [0m[957]: ] The key fingerprint is:Started Unattended Upgrades Shutdown.

[   44.633324] cloud-init[957]: SHA256:y7Dd59CKdfXSRebqKExRFz+1+CjdgC5IoAmaATTLUQU root@ubuntu-xenial
         Starting LXD - container startup/shutdown...
[   44.804658] cloud-init[957]: The key's randomart image is:
[[0;32m  OK  [0m] Started Regular background program processing daemon.
[   44.895285] cloud-init[957]: +---[DSA 1024]----+
[   44.960303] [cloud-init[0;32m  OK  [0m[957]: ] |==.Eoo        ...|Started FUSE filesystem for LXC.

[   44.961008] cloud-init[957]: |oo= o .     o o.o|
         Starting LSB: Record successful boot for GRUB...
[   45.055070] cloud-init[957]: |oo o   .   o + o+|
[[0;32m  OK  [0m] Started Snappy daemon.
[[0;32m  OK  [0m] Started System Logging Service.
[[0;32m  OK  [0m] Started iSCSI initiator daemon (iscsid).
[   45.112748] cloud-init[957]: |      . . o . =+.|
[   45.189987] cloud-init[957]: |      ..S. + o.oo|
[[0;32m  OK  [0m] Started Pollinate to seed the pseudo random number generator.
[[0;32m  OK  [0m] Started /etc/rc.local Compatibility.
[[0;32m  OK  [0m] Started LXD - container startup/shutdown.
[   45.202025] cloud-init[957]: |       = oo... +.|
[   45.270162] cloud-init[957]: |      . +o+ + o o|
[   45.293092] cloud-init[957]: |         oo* o . |
[   45.312876] cloud-init[957]: |        . ..o .  |
[[0;32m  OK  [0m] Started LSB: MD monitoring daemon.
[   45.333415] cloud-init[957]: +----[SHA256]-----+
[   45.408382] cloud-init[957]: Generating public/private ecdsa key pair.
[   45.436590] [cloud-init[0;32m  OK  [0m[957]: ] Your identification has been saved in /etc/ssh/ssh_host_ecdsa_key.Started Login Service.

[   45.505595] [cloud-init[0;32m  OK  [0m[957]: ] Your public key has been saved in /etc/ssh/ssh_host_ecdsa_key.pub.Started LSB: Record successful boot for GRUB.

[   45.507027] cloud-init[957]: The key fingerprint is:
[   45.581495] [cloud-init[0;32m  OK  [0m[957]: ] SHA256:6msQiHzw4AKk4dlP45gV3S1pnwuMYQqaGn0CxtkPBDU root@ubuntu-xenialStarted Apply the settings specified in cloud-config.

         Starting Authenticate and Authorize Users to Run Privileged Tasks...
[   45.655903] cloud-init[957]: The key's randomart image is:
[   45.741590]          cloud-initStarting OpenBSD Secure Shell server...[957]: 
+---[ECDSA 256]---+
[   45.762265]          Starting Login to default iSCSI targets...
cloud-init[957]: |+o*E .. . o      |
[   45.812374] [cloud-init[0;32m  OK  [0m[957]: ] |=Bo+. .+ = .     |Started OpenBSD Secure Shell server.

[   45.813278] cloud-init[957]: |***o++o = o .    |
[[0;32m  OK  [0m] Started Authenticate and Authorize Users to Run Privileged Tasks.
[   45.900480] [cloud-init[0;32m  OK  [0m] Started Accounts Service.
[957]: |+=+oXo.. o o     |
[   45.959088] cloud-init[957]: |o..= +  S . .    |
[   45.996501] cloud-init[957]: |.   .  .   .     |
[   45.996897] cloud-init[957]: |     ..          |
[[0;32m  OK  [0m] Started Login to default iSCSI targets.
[   45.997125] cloud-init[957]: |     ..          |
[   46.090512] cloud-init[957]: |     .o.         |
[   46.116437] cloud-init[957]: +----[SHA256]-----+
[   46.116832] cloud-init[957]: Generating public/private ed25519 key pair.
[[0;32m  OK  [0m] Reached target Remote File Systems (Pre).
[   46.117033] cloud-init[957]: Your identification has been saved in /etc/ssh/ssh_host_ed25519_key.
[[0;32m  OK  [0m] Reached target Remote File Systems.
[   46.211213] cloud-init[957]: Your public key has been saved in /etc/ssh/ssh_host_ed25519_key.pub.
[   46.300526] cloud-init[957]: The key fingerprint is:
         Starting LSB: daemon to balance interrupts for SMP systems...
[   46.301447] cloud-init[957]: SHA256:eyBp/uFcys/AeLc3i5rBbHdjifuRXpdqDmHrCIyYs5M root@ubuntu-xenial
[   46.428641] cloud-init[957]: The key's randomart image is:
[   46.429114] cloud-init[957]: +--[ED25519 256]--+
         Starting LSB: Set the CPU Frequency Scaling governor to "ondemand"...
[   46.429370] cloud-init[957]: |                 |
[   46.600467] cloud-init[957]: |                 |
[   46.600956] cloud-init[957]: |                 |
         Starting LSB: automatic crash report generation...
[   46.601220] cloud-init[957]: |       .         |
[   46.744393] cloud-init[957]: |      + S  o     |
[   46.744869] cloud-init[957]: |    ooo* o..oo  .|
         Starting LSB: VirtualBox Linux Additions...
[   46.745199] cloud-init[957]: |   +..oo@ *oB ...|
[   46.860418] cloud-init[957]: |   Eo  B.%oB+=.. |
         Starting Permit User Sessions...
[   46.861332] cloud-init[957]: |   ..   O+*+*=   |
[   46.960509] cloud-init[957]: +----[SHA256]-----+
[[0;32m  OK  [0m] Started Permit User Sessions.
[   46.963292] cloud-init[1098]: Generating locales (this might take a while)...
[   47.148667] cloud-init[1098]:   en_US.UTF-8... done
[   47.149158] cloud-init[1098]: Generation complete.
[[0;32m  OK  [0m] Started LSB: Set the CPU Frequency Scaling governor to "ondemand".
[[   47.149377] cloud-init[1098]: Cloud-init v. 17.1 running 'modules:config' at Wed, 31 Jan 2018 14:01:57 +0000. Up 43.93 seconds.
[0;32m  OK  [0m] Started LSB: daemon to balance interrupts for SMP systems.
[[0;32m  OK  [0m] Created slice User Slice of vagrant.
[[0;32m  OK  [0m] Started Session 1 of user vagrant.
         Starting User Manager for UID 1000...
         Starting Terminate Plymouth Boot Screen...
         Starting Hold until boot process finishes up...
[[0;32m  OK  [0m] Started User Manager for UID 1000.
[[0;32m  OK  [0m] Started LSB: automatic crash report generation.
[[0;32m  OK  [0m] Started LSB: VirtualBox Linux Additions.
[[0;32m  OK  [0m] Started Terminate Plymouth Boot Screen.
[[0;32m  OK  [0m] Started Hold until boot process finishes up.
         Starting Set console scheme...
[[0;32m  OK  [0m] Started Getty on tty1.
[[0;32m  OK  [0m] Started Serial Getty on ttyS0.
[[0;32m  OK  [0m] Reached target Login Prompts.
[[0;32m  OK  [0m] Reached target Multi-User System.
         Starting Execute cloud user/final scripts...
[[0;32m  OK  [0m] Reached target Graphical Interface.
         Starting Update UTMP about System Runlevel Changes...
[[0;32m  OK  [0m] Started Set console scheme.
[[0;32m  OK  [0m] Started Update UTMP about System Runlevel Changes.
ci-info: no authorized ssh keys fingerprints found for user ubuntu.
<14>Jan 31 14:02:02 ec2: 
<14>Jan 31 14:02:02 ec2: #############################################################
<14>Jan 31 14:02:02 ec2: -----BEGIN SSH HOST KEY FINGERPRINTS-----
<14>Jan 31 14:02:02 ec2: 1024 SHA256:y7Dd59CKdfXSRebqKExRFz+1+CjdgC5IoAmaATTLUQU root@ubuntu-xenial (DSA)
<14>Jan 31 14:02:02 ec2: 256 SHA256:6msQiHzw4AKk4dlP45gV3S1pnwuMYQqaGn0CxtkPBDU root@ubuntu-xenial (ECDSA)
<14>Jan 31 14:02:02 ec2: 256 SHA256:eyBp/uFcys/AeLc3i5rBbHdjifuRXpdqDmHrCIyYs5M root@ubuntu-xenial (ED25519)
<14>Jan 31 14:02:02 ec2: 2048 SHA256:5PFqgd6o3dj7659XzxlWclCysrEUXsBLhgFRH/S+pqs root@ubuntu-xenial (RSA)
<14>Jan 31 14:02:02 ec2: -----END SSH HOST KEY FINGERPRINTS-----
<14>Jan 31 14:02:02 ec2: #############################################################
-----BEGIN SSH HOST KEY KEYS-----
ecdsa-sha2-nistp256 AAAAE2VjZHNhLXNoYTItbmlzdHAyNTYAAAAIbmlzdHAyNTYAAABBBAiReNW7yDRBZ7oyU92tCM66rcw0bl14AJKnRtPH1abnXyY56Xm+cC3tA2xkujkT4XB5nsBTSHVo5T8tOZqY2RI= root@ubuntu-xenial
ssh-ed25519 AAAAC3NzaC1lZDI1NTE5AAAAILna7KLl5gIslvj7meLKyhkk52YPaRnPXYrLhGAsP8zV root@ubuntu-xenial
ssh-rsa AAAAB3NzaC1yc2EAAAADAQABAAABAQDAs66Owe6Mhr46wsj9rWBg99k4Oz93+v8NQK8w8NNB9xaMRW03b8HbAsDON+YICc2xzpJg+vH5fGSLV2HLqCoSN7rn26+hK4l2r9/cBK6iycydtIvwa1+RlS7gIMNvNmuYdNLc19ITPTSDTk/L0G2ho9wmSpWvRmNECxlHou/6am7IdnXRZ37FUlkXbOAm9GXSGSxmRGB1Zbu0Kq+Z+NPKqZTNkjRCBiCtK73LcT1vmIhBlkjK2zBpvVFQOfoZ2pcEja+5yiRcCLyUYpckgn5JtAwwNwag+C+7J82ozWoA476pM6tNWa1F1jmgkB4vhi+3ScRAJggdcfUuctVkkD4z root@ubuntu-xenial
-----END SSH HOST KEY KEYS-----
         Stopping User Manager for UID 1000...
[   49.832746] [cloud-init[0;32m  OK  [0m[1328]: ] Cloud-init v. 17.1 running 'modules:final' at Wed, 31 Jan 2018 14:02:02 +0000. Up 48.66 seconds.Stopped User Manager for UID 1000.

[   50.024997] [cloud-init[0;32m  OK  [0m[1328]: ] ci-info: no authorized ssh keys fingerprints found for user ubuntu.Removed slice User Slice of vagrant.

[   50.026127] cloud-init[1328]: Cloud-init v. 17.1 finished at Wed, 31 Jan 2018 14:02:03 +0000. Datasource DataSourceNoCloud [seed=/dev/sdb][dsmode=net].  Up 49.82 seconds
[[0;32m  OK  [0m] Started Execute cloud user/final scripts.
[[0;32m  OK  [0m] Reached target Cloud-init target.

Ubuntu 16.04.3 LTS instance ttyS0

instance login: 